Build started 2014/11/24 上午 02:26:03.
     1>Project "C:\Users\Cabris\Documents\GitHub\unity_lab\RenderingPlugin\VisualStudio2008\RenderingPlugin.vcxproj" on node 2 (build target(s)).
     1>InitializeBuildStatus:
         Creating "build/Debug\RenderingPlugin.unsuccessfulbuild" because "AlwaysCreate" was specified.
       ClCompile:
         C:\Program Files (x86)\Microsoft Visual Studio 10.0\VC\bin\CL.exe /c /ZI /nologo /W3 /WX- /Od /Oy- /D WIN32 /D _DEBUG /D _WINDOWS /D _USRDLL /D RENDERINGPLUGIN_EXPORTS /D _WINDLL /D _UNICODE /D UNICODE /Gm /EHsc /RTC1 /MTd /GS /fp:precise /Zc:wchar_t /Zc:forScope /Fo"build/Debug\\" /Fd"build/Debug\vc100.pdb" /Gd /TP /analyze- /errorReport:prompt ..\RenderingPlugin.cpp ..\TextureCapt.cpp
         TextureCapt.cpp
         RenderingPlugin.cpp
         Generating Code...
       ManifestResourceCompile:
         C:\Program Files (x86)\Microsoft SDKs\Windows\v7.0A\bin\rc.exe /nologo /fo"build/Debug\RenderingPlugin.dll.embed.manifest.res" build/Debug\RenderingPlugin_manifest.rc 
       Link:
         C:\Program Files (x86)\Microsoft Visual Studio 10.0\VC\bin\link.exe /ERRORREPORT:PROMPT /OUT:"C:\Users\Cabris\Documents\GitHub\unity_lab\RenderingPlugin\VisualStudio2008\build/Debug\RenderingPlugin.dll" /INCREMENTAL /NOLOGO opengl32.lib kernel32.lib user32.lib gdi32.lib winspool.lib comdlg32.lib advapi32.lib shell32.lib ole32.lib oleaut32.lib uuid.lib odbc32.lib odbccp32.lib /MANIFEST /ManifestFile:"build/Debug\RenderingPlugin.dll.intermediate.manifest" /MANIFESTUAC:"level='asInvoker' uiAccess='false'" /DEBUG /PDB:"C:\Users\Cabris\Documents\GitHub\unity_lab\RenderingPlugin\VisualStudio2008\build\Debug\RenderingPlugin.pdb" /SUBSYSTEM:WINDOWS /TLBID:1 /DYNAMICBASE /NXCOMPAT /IMPLIB:"C:\Users\Cabris\Documents\GitHub\unity_lab\RenderingPlugin\VisualStudio2008\build/Debug\RenderingPlugin.lib" /MACHINE:X86 /DLL build/Debug\RenderingPlugin.dll.embed.manifest.res
         build/Debug\RenderingPlugin.obj
         build/Debug\TextureCapt.obj
            Creating library C:\Users\Cabris\Documents\GitHub\unity_lab\RenderingPlugin\VisualStudio2008\build/Debug\RenderingPlugin.lib and object C:\Users\Cabris\Documents\GitHub\unity_lab\RenderingPlugin\VisualStudio2008\build/Debug\RenderingPlugin.exp
       Manifest:
         C:\Program Files (x86)\Microsoft SDKs\Windows\v7.0A\bin\mt.exe /nologo /verbose /out:"build/Debug\RenderingPlugin.dll.embed.manifest" /manifest build/Debug\RenderingPlugin.dll.intermediate.manifest
         C:\Program Files (x86)\Microsoft SDKs\Windows\v7.0A\bin\rc.exe /nologo /fo"build/Debug\RenderingPlugin.dll.embed.manifest.res" build/Debug\RenderingPlugin_manifest.rc 
       LinkEmbedManifest:
         C:\Program Files (x86)\Microsoft Visual Studio 10.0\VC\bin\link.exe /ERRORREPORT:PROMPT /OUT:"C:\Users\Cabris\Documents\GitHub\unity_lab\RenderingPlugin\VisualStudio2008\build/Debug\RenderingPlugin.dll" /INCREMENTAL /NOLOGO opengl32.lib kernel32.lib user32.lib gdi32.lib winspool.lib comdlg32.lib advapi32.lib shell32.lib ole32.lib oleaut32.lib uuid.lib odbc32.lib odbccp32.lib /MANIFEST /ManifestFile:"build/Debug\RenderingPlugin.dll.intermediate.manifest" /MANIFESTUAC:"level='asInvoker' uiAccess='false'" /DEBUG /PDB:"C:\Users\Cabris\Documents\GitHub\unity_lab\RenderingPlugin\VisualStudio2008\build\Debug\RenderingPlugin.pdb" /SUBSYSTEM:WINDOWS /TLBID:1 /DYNAMICBASE /NXCOMPAT /IMPLIB:"C:\Users\Cabris\Documents\GitHub\unity_lab\RenderingPlugin\VisualStudio2008\build/Debug\RenderingPlugin.lib" /MACHINE:X86 /DLL build/Debug\RenderingPlugin.dll.embed.manifest.res
         build/Debug\RenderingPlugin.obj
         build/Debug\TextureCapt.obj
            Creating library C:\Users\Cabris\Documents\GitHub\unity_lab\RenderingPlugin\VisualStudio2008\build/Debug\RenderingPlugin.lib and object C:\Users\Cabris\Documents\GitHub\unity_lab\RenderingPlugin\VisualStudio2008\build/Debug\RenderingPlugin.exp
         RenderingPlugin.vcxproj -> C:\Users\Cabris\Documents\GitHub\unity_lab\RenderingPlugin\VisualStudio2008\build/Debug\RenderingPlugin.dll
       FinalizeBuildStatus:
         Deleting file "build/Debug\RenderingPlugin.unsuccessfulbuild".
         Touching "build/Debug\RenderingPlugin.lastbuildstate".
     1>Done Building Project "C:\Users\Cabris\Documents\GitHub\unity_lab\RenderingPlugin\VisualStudio2008\RenderingPlugin.vcxproj" (build target(s)).

Build succeeded.

Time Elapsed 00:00:02.89
